17-Mar-2024 13:06:18.019 INFO [main] org.apache.catalina.startup.VersionLoggerListener.log Server version name:   Apache Tomcat/9.0.86
17-Mar-2024 13:06:18.022 INFO [main] org.apache.catalina.startup.VersionLoggerListener.log Server built:          Feb 14 2024 08:15:12 UTC
17-Mar-2024 13:06:18.022 INFO [main] org.apache.catalina.startup.VersionLoggerListener.log Server version number: 9.0.86.0
17-Mar-2024 13:06:18.022 INFO [main] org.apache.catalina.startup.VersionLoggerListener.log OS Name:               Windows 10
17-Mar-2024 13:06:18.022 INFO [main] org.apache.catalina.startup.VersionLoggerListener.log OS Version:            10.0
17-Mar-2024 13:06:18.022 INFO [main] org.apache.catalina.startup.VersionLoggerListener.log Architecture:          amd64
17-Mar-2024 13:06:18.022 INFO [main] org.apache.catalina.startup.VersionLoggerListener.log Java Home:             C:\Program Files\Java\jdk1.8.0_202\jre
17-Mar-2024 13:06:18.022 INFO [main] org.apache.catalina.startup.VersionLoggerListener.log JVM Version:           1.8.0_202-b08
17-Mar-2024 13:06:18.022 INFO [main] org.apache.catalina.startup.VersionLoggerListener.log JVM Vendor:            Oracle Corporation
17-Mar-2024 13:06:18.022 INFO [main] org.apache.catalina.startup.VersionLoggerListener.log CATALINA_BASE:         D:\1_VERY_VERY_DEV\Genie_Course\Java_Code\StudentsApp
17-Mar-2024 13:06:18.022 INFO [main] org.apache.catalina.startup.VersionLoggerListener.log CATALINA_HOME:         D:\1_VERY_VERY_DEV\Genie_Course\apache-tomcat-9.0.86
17-Mar-2024 13:06:18.024 INFO [main] org.apache.catalina.startup.VersionLoggerListener.log Command line argument: -Dcatalina.home=D:\1_VERY_VERY_DEV\Genie_Course\apache-tomcat-9.0.86
17-Mar-2024 13:06:18.025 INFO [main] org.apache.catalina.startup.VersionLoggerListener.log Command line argument: -Dcatalina.base=D:\1_VERY_VERY_DEV\Genie_Course\Java_Code\StudentsApp
17-Mar-2024 13:06:18.025 INFO [main] org.apache.catalina.startup.VersionLoggerListener.log Command line argument: -Djava.io.tmpdir=D:\1_VERY_VERY_DEV\Genie_Course\Java_Code\StudentsApp\temp
17-Mar-2024 13:06:18.025 INFO [main] org.apache.catalina.startup.VersionLoggerListener.log Command line argument: -Djava.util.logging.config.file=D:\1_VERY_VERY_DEV\Genie_Course\Java_Code\StudentsApp\conf\logging.properties
17-Mar-2024 13:06:18.025 INFO [main] org.apache.catalina.startup.VersionLoggerListener.log Command line argument: -Djava.util.logging.manager=org.apache.juli.ClassLoaderLogManager
17-Mar-2024 13:06:18.025 INFO [main] org.apache.catalina.startup.VersionLoggerListener.log Command line argument: -javaagent:C:\Program Files\JetBrains\IntelliJ IDEA Community Edition 2023.3.2\lib\idea_rt.jar=56190:C:\Program Files\JetBrains\IntelliJ IDEA Community Edition 2023.3.2\bin
17-Mar-2024 13:06:18.025 INFO [main] org.apache.catalina.startup.VersionLoggerListener.log Command line argument: -Dfile.encoding=UTF-8
17-Mar-2024 13:06:18.102 INFO [main] org.apache.catalina.core.AprLifecycleListener.lifecycleEvent Loaded Apache Tomcat Native library [1.3.0] using APR version [1.7.4].
17-Mar-2024 13:06:18.102 INFO [main] org.apache.catalina.core.AprLifecycleListener.lifecycleEvent APR capabilities: IPv6 [true], sendfile [true], accept filters [false], random [true], UDS [true].
17-Mar-2024 13:06:18.103 INFO [main] org.apache.catalina.core.AprLifecycleListener.lifecycleEvent APR/OpenSSL configuration: useAprConnector [false], useOpenSSL [true]
17-Mar-2024 13:06:18.179 INFO [main] org.apache.catalina.core.AprLifecycleListener.initializeSSL OpenSSL successfully initialized [OpenSSL 3.0.13 30 Jan 2024]
17-Mar-2024 13:06:18.553 INFO [main] org.apache.coyote.AbstractProtocol.init Initializing ProtocolHandler ["http-nio-8080"]
17-Mar-2024 13:06:18.582 INFO [main] org.apache.catalina.startup.Catalina.load Server initialization in [793] milliseconds
17-Mar-2024 13:06:18.612 INFO [main] org.apache.catalina.core.StandardService.startInternal Starting service [Catalina]
17-Mar-2024 13:06:18.612 INFO [main] org.apache.catalina.core.StandardEngine.startInternal Starting Servlet engine: [Apache Tomcat/9.0.86]
17-Mar-2024 13:06:18.622 INFO [main] org.apache.catalina.startup.HostConfig.deployDescriptor Deploying deployment descriptor [D:\1_VERY_VERY_DEV\Genie_Course\Java_Code\StudentsApp\conf\Catalina\localhost\StudentsApp.xml]
17-Mar-2024 13:06:18.868 INFO [main] org.apache.jasper.servlet.TldScanner.scanJars At least one JAR was scanned for TLDs yet contained no TLDs. Enable debug logging for this logger for a complete list of JARs that were scanned but no TLDs were found in them. Skipping unneeded JARs during scanning can improve startup time and JSP compilation time.
17-Mar-2024 13:06:19.180 WARNING [main] org.apache.catalina.util.SessionIdGeneratorBase.createSecureRandom Creation of SecureRandom instance for session ID generation using [SHA1PRNG] took [293] milliseconds.
17-Mar-2024 13:06:19.197 INFO [main] org.apache.catalina.startup.HostConfig.deployDescriptor Deployment of deployment descriptor [D:\1_VERY_VERY_DEV\Genie_Course\Java_Code\StudentsApp\conf\Catalina\localhost\StudentsApp.xml] has finished in [575] ms
17-Mar-2024 13:06:19.201 INFO [main] org.apache.coyote.AbstractProtocol.start Starting ProtocolHandler ["http-nio-8080"]
17-Mar-2024 13:06:19.219 INFO [main] org.apache.catalina.startup.Catalina.start Server startup in [636] milliseconds
17-Mar-2024 13:07:16.185 INFO [Thread-2] org.apache.coyote.AbstractProtocol.pause Pausing ProtocolHandler ["http-nio-8080"]
17-Mar-2024 13:07:16.426 INFO [Thread-2] org.apache.catalina.core.StandardService.stopInternal Stopping service [Catalina]
17-Mar-2024 13:07:16.437 INFO [Thread-2] org.apache.coyote.AbstractProtocol.stop Stopping ProtocolHandler ["http-nio-8080"]
17-Mar-2024 13:07:16.440 INFO [Thread-2] org.apache.coyote.AbstractProtocol.destroy Destroying ProtocolHandler ["http-nio-8080"]
