12-Mar-2024 22:48:05.196 INFO [main] org.apache.catalina.startup.VersionLoggerListener.log Server version name:   Apache Tomcat/9.0.86
12-Mar-2024 22:48:05.197 INFO [main] org.apache.catalina.startup.VersionLoggerListener.log Server built:          Feb 14 2024 08:15:12 UTC
12-Mar-2024 22:48:05.197 INFO [main] org.apache.catalina.startup.VersionLoggerListener.log Server version number: 9.0.86.0
12-Mar-2024 22:48:05.197 INFO [main] org.apache.catalina.startup.VersionLoggerListener.log OS Name:               Windows 10
12-Mar-2024 22:48:05.197 INFO [main] org.apache.catalina.startup.VersionLoggerListener.log OS Version:            10.0
12-Mar-2024 22:48:05.197 INFO [main] org.apache.catalina.startup.VersionLoggerListener.log Architecture:          amd64
12-Mar-2024 22:48:05.197 INFO [main] org.apache.catalina.startup.VersionLoggerListener.log Java Home:             C:\Program Files\Java\jdk1.8.0_202\jre
12-Mar-2024 22:48:05.197 INFO [main] org.apache.catalina.startup.VersionLoggerListener.log JVM Version:           1.8.0_202-b08
12-Mar-2024 22:48:05.197 INFO [main] org.apache.catalina.startup.VersionLoggerListener.log JVM Vendor:            Oracle Corporation
12-Mar-2024 22:48:05.198 INFO [main] org.apache.catalina.startup.VersionLoggerListener.log CATALINA_BASE:         D:\1_VERY_VERY_DEV\Genie_Course\Java_Code\First_Servlet_App
12-Mar-2024 22:48:05.198 INFO [main] org.apache.catalina.startup.VersionLoggerListener.log CATALINA_HOME:         D:\1_VERY_VERY_DEV\Genie_Course\apache-tomcat-9.0.86
12-Mar-2024 22:48:05.199 INFO [main] org.apache.catalina.startup.VersionLoggerListener.log Command line argument: -Dcatalina.home=D:\1_VERY_VERY_DEV\Genie_Course\apache-tomcat-9.0.86
12-Mar-2024 22:48:05.199 INFO [main] org.apache.catalina.startup.VersionLoggerListener.log Command line argument: -Dcatalina.base=D:\1_VERY_VERY_DEV\Genie_Course\Java_Code\First_Servlet_App
12-Mar-2024 22:48:05.199 INFO [main] org.apache.catalina.startup.VersionLoggerListener.log Command line argument: -Djava.io.tmpdir=D:\1_VERY_VERY_DEV\Genie_Course\Java_Code\First_Servlet_App\temp
12-Mar-2024 22:48:05.199 INFO [main] org.apache.catalina.startup.VersionLoggerListener.log Command line argument: -Djava.util.logging.config.file=D:\1_VERY_VERY_DEV\Genie_Course\Java_Code\First_Servlet_App\conf\logging.properties
12-Mar-2024 22:48:05.199 INFO [main] org.apache.catalina.startup.VersionLoggerListener.log Command line argument: -Djava.util.logging.manager=org.apache.juli.ClassLoaderLogManager
12-Mar-2024 22:48:05.199 INFO [main] org.apache.catalina.startup.VersionLoggerListener.log Command line argument: -javaagent:C:\Program Files\JetBrains\IntelliJ IDEA Community Edition 2023.3.2\lib\idea_rt.jar=51461:C:\Program Files\JetBrains\IntelliJ IDEA Community Edition 2023.3.2\bin
12-Mar-2024 22:48:05.199 INFO [main] org.apache.catalina.startup.VersionLoggerListener.log Command line argument: -Dfile.encoding=UTF-8
12-Mar-2024 22:48:05.202 INFO [main] org.apache.catalina.core.AprLifecycleListener.lifecycleEvent Loaded Apache Tomcat Native library [1.3.0] using APR version [1.7.4].
12-Mar-2024 22:48:05.202 INFO [main] org.apache.catalina.core.AprLifecycleListener.lifecycleEvent APR capabilities: IPv6 [true], sendfile [true], accept filters [false], random [true], UDS [true].
12-Mar-2024 22:48:05.202 INFO [main] org.apache.catalina.core.AprLifecycleListener.lifecycleEvent APR/OpenSSL configuration: useAprConnector [false], useOpenSSL [true]
12-Mar-2024 22:48:05.209 INFO [main] org.apache.catalina.core.AprLifecycleListener.initializeSSL OpenSSL successfully initialized [OpenSSL 3.0.13 30 Jan 2024]
12-Mar-2024 22:48:05.550 INFO [main] org.apache.coyote.AbstractProtocol.init Initializing ProtocolHandler ["http-nio-8080"]
12-Mar-2024 22:48:05.573 INFO [main] org.apache.catalina.startup.Catalina.load Server initialization in [594] milliseconds
12-Mar-2024 22:48:05.606 INFO [main] org.apache.catalina.core.StandardService.startInternal Starting service [Catalina]
12-Mar-2024 22:48:05.607 INFO [main] org.apache.catalina.core.StandardEngine.startInternal Starting Servlet engine: [Apache Tomcat/9.0.86]
12-Mar-2024 22:48:05.618 INFO [main] org.apache.catalina.startup.HostConfig.deployDescriptor Deploying deployment descriptor [D:\1_VERY_VERY_DEV\Genie_Course\Java_Code\First_Servlet_App\conf\Catalina\localhost\First_Servlet_App.xml]
12-Mar-2024 22:48:05.903 INFO [main] org.apache.jasper.servlet.TldScanner.scanJars At least one JAR was scanned for TLDs yet contained no TLDs. Enable debug logging for this logger for a complete list of JARs that were scanned but no TLDs were found in them. Skipping unneeded JARs during scanning can improve startup time and JSP compilation time.
12-Mar-2024 22:48:06.246 WARNING [main] org.apache.catalina.util.SessionIdGeneratorBase.createSecureRandom Creation of SecureRandom instance for session ID generation using [SHA1PRNG] took [318] milliseconds.
12-Mar-2024 22:48:06.261 INFO [main] org.apache.catalina.startup.HostConfig.deployDescriptor Deployment of deployment descriptor [D:\1_VERY_VERY_DEV\Genie_Course\Java_Code\First_Servlet_App\conf\Catalina\localhost\First_Servlet_App.xml] has finished in [643] ms
12-Mar-2024 22:48:06.265 INFO [main] org.apache.coyote.AbstractProtocol.start Starting ProtocolHandler ["http-nio-8080"]
12-Mar-2024 22:48:06.281 INFO [main] org.apache.catalina.startup.Catalina.start Server startup in [707] milliseconds
12-Mar-2024 22:53:17.859 INFO [Thread-2] org.apache.coyote.AbstractProtocol.pause Pausing ProtocolHandler ["http-nio-8080"]
12-Mar-2024 22:53:18.204 INFO [Thread-2] org.apache.catalina.core.StandardService.stopInternal Stopping service [Catalina]
12-Mar-2024 22:53:18.222 INFO [Thread-2] org.apache.coyote.AbstractProtocol.stop Stopping ProtocolHandler ["http-nio-8080"]
12-Mar-2024 22:53:18.248 INFO [Thread-2] org.apache.coyote.AbstractProtocol.destroy Destroying ProtocolHandler ["http-nio-8080"]
12-Mar-2024 22:53:24.921 INFO [main] org.apache.catalina.startup.VersionLoggerListener.log Server version name:   Apache Tomcat/9.0.86
12-Mar-2024 22:53:24.923 INFO [main] org.apache.catalina.startup.VersionLoggerListener.log Server built:          Feb 14 2024 08:15:12 UTC
12-Mar-2024 22:53:24.923 INFO [main] org.apache.catalina.startup.VersionLoggerListener.log Server version number: 9.0.86.0
12-Mar-2024 22:53:24.923 INFO [main] org.apache.catalina.startup.VersionLoggerListener.log OS Name:               Windows 10
12-Mar-2024 22:53:24.923 INFO [main] org.apache.catalina.startup.VersionLoggerListener.log OS Version:            10.0
12-Mar-2024 22:53:24.923 INFO [main] org.apache.catalina.startup.VersionLoggerListener.log Architecture:          amd64
12-Mar-2024 22:53:24.923 INFO [main] org.apache.catalina.startup.VersionLoggerListener.log Java Home:             C:\Program Files\Java\jdk1.8.0_202\jre
12-Mar-2024 22:53:24.923 INFO [main] org.apache.catalina.startup.VersionLoggerListener.log JVM Version:           1.8.0_202-b08
12-Mar-2024 22:53:24.923 INFO [main] org.apache.catalina.startup.VersionLoggerListener.log JVM Vendor:            Oracle Corporation
12-Mar-2024 22:53:24.923 INFO [main] org.apache.catalina.startup.VersionLoggerListener.log CATALINA_BASE:         D:\1_VERY_VERY_DEV\Genie_Course\Java_Code\First_Servlet_App
12-Mar-2024 22:53:24.925 INFO [main] org.apache.catalina.startup.VersionLoggerListener.log CATALINA_HOME:         D:\1_VERY_VERY_DEV\Genie_Course\apache-tomcat-9.0.86
12-Mar-2024 22:53:24.925 INFO [main] org.apache.catalina.startup.VersionLoggerListener.log Command line argument: -Dcatalina.home=D:\1_VERY_VERY_DEV\Genie_Course\apache-tomcat-9.0.86
12-Mar-2024 22:53:24.925 INFO [main] org.apache.catalina.startup.VersionLoggerListener.log Command line argument: -Dcatalina.base=D:\1_VERY_VERY_DEV\Genie_Course\Java_Code\First_Servlet_App
12-Mar-2024 22:53:24.925 INFO [main] org.apache.catalina.startup.VersionLoggerListener.log Command line argument: -Djava.io.tmpdir=D:\1_VERY_VERY_DEV\Genie_Course\Java_Code\First_Servlet_App\temp
12-Mar-2024 22:53:24.925 INFO [main] org.apache.catalina.startup.VersionLoggerListener.log Command line argument: -Djava.util.logging.config.file=D:\1_VERY_VERY_DEV\Genie_Course\Java_Code\First_Servlet_App\conf\logging.properties
12-Mar-2024 22:53:24.925 INFO [main] org.apache.catalina.startup.VersionLoggerListener.log Command line argument: -Djava.util.logging.manager=org.apache.juli.ClassLoaderLogManager
12-Mar-2024 22:53:24.925 INFO [main] org.apache.catalina.startup.VersionLoggerListener.log Command line argument: -javaagent:C:\Program Files\JetBrains\IntelliJ IDEA Community Edition 2023.3.2\lib\idea_rt.jar=51608:C:\Program Files\JetBrains\IntelliJ IDEA Community Edition 2023.3.2\bin
12-Mar-2024 22:53:24.926 INFO [main] org.apache.catalina.startup.VersionLoggerListener.log Command line argument: -Dfile.encoding=UTF-8
12-Mar-2024 22:53:24.929 INFO [main] org.apache.catalina.core.AprLifecycleListener.lifecycleEvent Loaded Apache Tomcat Native library [1.3.0] using APR version [1.7.4].
12-Mar-2024 22:53:24.930 INFO [main] org.apache.catalina.core.AprLifecycleListener.lifecycleEvent APR capabilities: IPv6 [true], sendfile [true], accept filters [false], random [true], UDS [true].
12-Mar-2024 22:53:24.930 INFO [main] org.apache.catalina.core.AprLifecycleListener.lifecycleEvent APR/OpenSSL configuration: useAprConnector [false], useOpenSSL [true]
12-Mar-2024 22:53:24.938 INFO [main] org.apache.catalina.core.AprLifecycleListener.initializeSSL OpenSSL successfully initialized [OpenSSL 3.0.13 30 Jan 2024]
12-Mar-2024 22:53:25.325 INFO [main] org.apache.coyote.AbstractProtocol.init Initializing ProtocolHandler ["http-nio-8080"]
12-Mar-2024 22:53:25.353 INFO [main] org.apache.catalina.startup.Catalina.load Server initialization in [659] milliseconds
12-Mar-2024 22:53:25.397 INFO [main] org.apache.catalina.core.StandardService.startInternal Starting service [Catalina]
12-Mar-2024 22:53:25.398 INFO [main] org.apache.catalina.core.StandardEngine.startInternal Starting Servlet engine: [Apache Tomcat/9.0.86]
12-Mar-2024 22:53:25.407 INFO [main] org.apache.catalina.startup.HostConfig.deployDescriptor Deploying deployment descriptor [D:\1_VERY_VERY_DEV\Genie_Course\Java_Code\First_Servlet_App\conf\Catalina\localhost\First_Servlet_App.xml]
12-Mar-2024 22:53:25.730 INFO [main] org.apache.jasper.servlet.TldScanner.scanJars At least one JAR was scanned for TLDs yet contained no TLDs. Enable debug logging for this logger for a complete list of JARs that were scanned but no TLDs were found in them. Skipping unneeded JARs during scanning can improve startup time and JSP compilation time.
12-Mar-2024 22:53:26.092 WARNING [main] org.apache.catalina.util.SessionIdGeneratorBase.createSecureRandom Creation of SecureRandom instance for session ID generation using [SHA1PRNG] took [335] milliseconds.
12-Mar-2024 22:53:26.120 INFO [main] org.apache.catalina.startup.HostConfig.deployDescriptor Deployment of deployment descriptor [D:\1_VERY_VERY_DEV\Genie_Course\Java_Code\First_Servlet_App\conf\Catalina\localhost\First_Servlet_App.xml] has finished in [712] ms
12-Mar-2024 22:53:26.124 INFO [main] org.apache.coyote.AbstractProtocol.start Starting ProtocolHandler ["http-nio-8080"]
12-Mar-2024 22:53:26.141 INFO [main] org.apache.catalina.startup.Catalina.start Server startup in [787] milliseconds
12-Mar-2024 22:55:05.838 INFO [Thread-2] org.apache.coyote.AbstractProtocol.pause Pausing ProtocolHandler ["http-nio-8080"]
12-Mar-2024 22:55:06.074 INFO [Thread-2] org.apache.catalina.core.StandardService.stopInternal Stopping service [Catalina]
12-Mar-2024 22:55:06.082 INFO [Thread-2] org.apache.coyote.AbstractProtocol.stop Stopping ProtocolHandler ["http-nio-8080"]
12-Mar-2024 22:55:06.103 INFO [Thread-2] org.apache.coyote.AbstractProtocol.destroy Destroying ProtocolHandler ["http-nio-8080"]
